<?xml version="1.0" encoding="UTF-8"?>
<!-- Generated by org.testng.reporters.JUnitReportReporter -->
<testsuite hostname="bddb2c0ee4215cf" failures="0" tests="2" name="com.ust.test.ThirdTest" time="0.003" errors="0" timestamp="2023-03-31T09:19:22 IST" skipped="0">
  <testcase classname="com.ust.test.ThirdTest" name="f" time="0.002"/>
  <system-out/>
  <testcase classname="com.ust.test.ThirdTest" name="a" time="0.001"/>
  <system-out/>
</testsuite> <!-- com.ust.test.ThirdTest -->
