<?xml version="1.0" encoding="UTF-8"?>
<!-- Generated by org.testng.reporters.JUnitReportReporter -->
<testsuite hostname="bddb2c0ee4215cf" failures="0" tests="1" name="com.ust.test.Firsttest" time="11.873" errors="0" timestamp="2023-03-31T09:20:25 IST" skipped="0">
  <testcase classname="com.ust.test.Firsttest" name="TestGoogle" time="11.873"/>
  <system-out/>
</testsuite> <!-- com.ust.test.Firsttest -->
